<?xml version="1.0" encoding="UTF-8"?>
<testng-results skipped="0" failed="0" total="3" passed="3">
  <reporter-output>
  </reporter-output>
  <suite name="Default suite" duration-ms="45694" started-at="2020-04-10T13:49:32Z" finished-at="2020-04-10T13:50:18Z">
    <groups>
    </groups>
    <test name="Default test" duration-ms="45694" started-at="2020-04-10T13:49:32Z" finished-at="2020-04-10T13:50:18Z">
      <class name="Annotation">
        <test-method status="PASS" signature="launchbrowser()[pri:0, instance:Annotation@5a39699c]" name="launchbrowser" is-config="true" duration-ms="12297" started-at="2020-04-10T19:19:32Z" finished-at="2020-04-10T19:19:45Z">
          <reporter-output>
          </reporter-output>
        </test-method> <!-- launchbrowser -->
        <test-method status="PASS" signature="login(java.lang.String, java.lang.String)[pri:0, instance:Annotation@5a39699c]" name="login" duration-ms="3568" started-at="2020-04-10T19:19:45Z" data-provider="login" finished-at="2020-04-10T19:19:48Z">
          <params>
            <param index="0">
              <value>
                <![CDATA[Admin]]>
              </value>
            </param>
            <param index="1">
              <value>
                <![CDATA[admin123]]>
              </value>
            </param>
          </params>
          <reporter-output>
          </reporter-output>
        </test-method> <!-- login -->
        <test-method status="PASS" signature="launchbrowser()[pri:0, instance:Annotation@5a39699c]" name="launchbrowser" is-config="true" duration-ms="10236" started-at="2020-04-10T19:19:48Z" finished-at="2020-04-10T19:19:59Z">
          <reporter-output>
          </reporter-output>
        </test-method> <!-- launchbrowser -->
        <test-method status="PASS" signature="login(java.lang.String, java.lang.String)[pri:0, instance:Annotation@5a39699c]" name="login" duration-ms="2492" started-at="2020-04-10T19:19:59Z" data-provider="login" finished-at="2020-04-10T19:20:01Z">
          <params>
            <param index="0">
              <value>
                <![CDATA[adkjhkj]]>
              </value>
            </param>
            <param index="1">
              <value>
                <![CDATA[fifif]]>
              </value>
            </param>
          </params>
          <reporter-output>
          </reporter-output>
        </test-method> <!-- login -->
        <test-method status="PASS" signature="launchbrowser()[pri:0, instance:Annotation@5a39699c]" name="launchbrowser" is-config="true" duration-ms="10758" started-at="2020-04-10T19:20:01Z" finished-at="2020-04-10T19:20:12Z">
          <reporter-output>
          </reporter-output>
        </test-method> <!-- launchbrowser -->
        <test-method status="PASS" signature="login(java.lang.String, java.lang.String)[pri:0, instance:Annotation@5a39699c]" name="login" duration-ms="6044" started-at="2020-04-10T19:20:12Z" data-provider="login" finished-at="2020-04-10T19:20:18Z">
          <params>
            <param index="0">
              <value>
                <![CDATA[Admin]]>
              </value>
            </param>
            <param index="1">
              <value>
                <![CDATA[admin123]]>
              </value>
            </param>
          </params>
          <reporter-output>
          </reporter-output>
        </test-method> <!-- login -->
      </class> <!-- Annotation -->
    </test> <!-- Default test -->
  </suite> <!-- Default suite -->
</testng-results>
